error: Problems running dot: exit code=-1, command='dot', arguments='"C:/Users/willlamers/Documents/SRJC/2017 Spring/GameOfLife/doxygen/html/main_8cpp_ae10fbde4a3adfb22d4a168f6ede333a1_cgraph.dot" -Tpng -o "C:/Users/willlamers/Documents/SRJC/2017 Spring/GameOfLife/doxygen/html/main_8cpp_ae10fbde4a3adfb22d4a168f6ede333a1_cgraph.png"'
error: Problems running dot: exit code=-1, command='dot', arguments='"C:/Users/willlamers/Documents/SRJC/2017 Spring/GameOfLife/doxygen/latex/main_8cpp_ae10fbde4a3adfb22d4a168f6ede333a1_cgraph.dot" -Tpdf -o "C:/Users/willlamers/Documents/SRJC/2017 Spring/GameOfLife/doxygen/latex/main_8cpp_ae10fbde4a3adfb22d4a168f6ede333a1_cgraph.pdf"'
error: Problems running dot: exit code=-1, command='dot', arguments='"C:/Users/willlamers/Documents/SRJC/2017 Spring/GameOfLife/doxygen/html/main_8cpp__incl.dot" -Tpng -o "C:/Users/willlamers/Documents/SRJC/2017 Spring/GameOfLife/doxygen/html/main_8cpp__incl.png"'
error: Problems running dot: exit code=-1, command='dot', arguments='"C:/Users/willlamers/Documents/SRJC/2017 Spring/GameOfLife/doxygen/rtf/main_8cpp__incl.dot" -Tpng -o "C:/Users/willlamers/Documents/SRJC/2017 Spring/GameOfLife/doxygen/rtf/main_8cpp__incl.png"'
error: Problems running dot: exit code=-1, command='dot', arguments='"C:/Users/willlamers/Documents/SRJC/2017 Spring/GameOfLife/doxygen/latex/main_8cpp__incl.dot" -Tpdf -o "C:/Users/willlamers/Documents/SRJC/2017 Spring/GameOfLife/doxygen/latex/main_8cpp__incl.pdf"'
error: Problems running dot: exit code=-1, command='dot', arguments='"C:/Users/willlamers/Documents/SRJC/2017 Spring/GameOfLife/doxygen/html/main_8cpp_ae66f6b31b5ad750f1fe042a706a4e3d4_cgraph.dot" -Tpng -o "C:/Users/willlamers/Documents/SRJC/2017 Spring/GameOfLife/doxygen/html/main_8cpp_ae66f6b31b5ad750f1fe042a706a4e3d4_cgraph.png"'
error: Problems running dot: exit code=-1, command='dot', arguments='"C:/Users/willlamers/Documents/SRJC/2017 Spring/GameOfLife/doxygen/rtf/main_8cpp_ae10fbde4a3adfb22d4a168f6ede333a1_cgraph.dot" -Tpng -o "C:/Users/willlamers/Documents/SRJC/2017 Spring/GameOfLife/doxygen/rtf/main_8cpp_ae10fbde4a3adfb22d4a168f6ede333a1_cgraph.png"'
error: Problems running dot: exit code=-1, command='dot', arguments='"C:/Users/willlamers/Documents/SRJC/2017 Spring/GameOfLife/doxygen/latex/main_8cpp_ae66f6b31b5ad750f1fe042a706a4e3d4_cgraph.dot" -Tpdf -o "C:/Users/willlamers/Documents/SRJC/2017 Spring/GameOfLife/doxygen/latex/main_8cpp_ae66f6b31b5ad750f1fe042a706a4e3d4_cgraph.pdf"'
error: Problems running dot: exit code=-1, command='dot', arguments='"C:/Users/willlamers/Documents/SRJC/2017 Spring/GameOfLife/doxygen/rtf/main_8cpp_ae66f6b31b5ad750f1fe042a706a4e3d4_cgraph.dot" -Tpng -o "C:/Users/willlamers/Documents/SRJC/2017 Spring/GameOfLife/doxygen/rtf/main_8cpp_ae66f6b31b5ad750f1fe042a706a4e3d4_cgraph.png"'
error: Problems running dot: exit code=-1, command='dot', arguments='"C:/Users/willlamers/Documents/SRJC/2017 Spring/GameOfLife/doxygen/html/main_8cpp_a9d723437a395e0c0462473f2a57a7a1f_cgraph.dot" -Tpng -o "C:/Users/willlamers/Documents/SRJC/2017 Spring/GameOfLife/doxygen/html/main_8cpp_a9d723437a395e0c0462473f2a57a7a1f_cgraph.png"'
error: Problems running dot: exit code=-1, command='dot', arguments='"C:/Users/willlamers/Documents/SRJC/2017 Spring/GameOfLife/doxygen/latex/main_8cpp_a9d723437a395e0c0462473f2a57a7a1f_cgraph.dot" -Tpdf -o "C:/Users/willlamers/Documents/SRJC/2017 Spring/GameOfLife/doxygen/latex/main_8cpp_a9d723437a395e0c0462473f2a57a7a1f_cgraph.pdf"'
error: Problems running dot: exit code=-1, command='dot', arguments='"C:/Users/willlamers/Documents/SRJC/2017 Spring/GameOfLife/doxygen/html/graph_legend.dot" -Tpng -o "C:/Users/willlamers/Documents/SRJC/2017 Spring/GameOfLife/doxygen/html/graph_legend.png"'
error: Problems running dot: exit code=-1, command='dot', arguments='"C:/Users/willlamers/Documents/SRJC/2017 Spring/GameOfLife/doxygen/rtf/main_8cpp_a9d723437a395e0c0462473f2a57a7a1f_cgraph.dot" -Tpng -o "C:/Users/willlamers/Documents/SRJC/2017 Spring/GameOfLife/doxygen/rtf/main_8cpp_a9d723437a395e0c0462473f2a57a7a1f_cgraph.png"'
error: problems opening map file C:/Users/willlamers/Documents/SRJC/2017 Spring/GameOfLife/doxygen/html/main_8cpp__incl.map for inclusion in the docs!
If you installed Graphviz/dot after a previous failing run, 
try deleting the output directory and rerun doxygen.
error: problems opening map file C:/Users/willlamers/Documents/SRJC/2017 Spring/GameOfLife/doxygen/html/main_8cpp_ae10fbde4a3adfb22d4a168f6ede333a1_cgraph.map for inclusion in the docs!
If you installed Graphviz/dot after a previous failing run, 
try deleting the output directory and rerun doxygen.
error: problems opening map file C:/Users/willlamers/Documents/SRJC/2017 Spring/GameOfLife/doxygen/html/main_8cpp_ae66f6b31b5ad750f1fe042a706a4e3d4_cgraph.map for inclusion in the docs!
If you installed Graphviz/dot after a previous failing run, 
try deleting the output directory and rerun doxygen.
error: problems opening map file C:/Users/willlamers/Documents/SRJC/2017 Spring/GameOfLife/doxygen/html/main_8cpp_a9d723437a395e0c0462473f2a57a7a1f_cgraph.map for inclusion in the docs!
If you installed Graphviz/dot after a previous failing run, 
try deleting the output directory and rerun doxygen.
error: problem writing FIG 0 figure!
